DEBUG_INFO: GROUND_TRUTH_INFO: NODEID=E0632 MENTION=HC000T65W:(10120,0)-(10133,0) FQEC=HC000T65W:90 CORRECT
      (examples/M9/zerohop_response/example_qrels/M09-ZeroHop-FQEC-QREL.tab line 16)
DEBUG_INFO: GROUND_TRUTH_INFO: NODEID=E0632 MENTION=HC000T65W:(1106,0)-(1116,0) FQEC=HC000T65W:11 CORRECT
      (examples/M9/zerohop_response/example_qrels/M09-ZeroHop-FQEC-QREL.tab line 2)
DEBUG_INFO: GROUND_TRUTH_INFO: NODEID=E0632 MENTION=HC000T65W:(11334,0)-(11358,0) FQEC=HC000T65W:100 CORRECT
      (examples/M9/zerohop_response/example_qrels/M09-ZeroHop-FQEC-QREL.tab line 17)
DEBUG_INFO: GROUND_TRUTH_INFO: NODEID=E0632 MENTION=HC000T65W:(11335,0)-(11345,0) FQEC=HC000T65W:100 CORRECT
      (examples/M9/zerohop_response/example_qrels/M09-ZeroHop-FQEC-QREL.tab line 18)
DEBUG_INFO: GROUND_TRUTH_INFO: NODEID=E0632 MENTION=HC000T65W:(11960,0)-(11970,0) FQEC=HC000T65W:109 CORRECT
      (examples/M9/zerohop_response/example_qrels/M09-ZeroHop-FQEC-QREL.tab line 19)
DEBUG_INFO: GROUND_TRUTH_INFO: NODEID=E0632 MENTION=HC000T65W:(12267,0)-(12449,0) FQEC=HC000T65W:111 CORRECT
      (examples/M9/zerohop_response/example_qrels/M09-ZeroHop-FQEC-QREL.tab line 20)
DEBUG_INFO: GROUND_TRUTH_INFO: NODEID=E0632 MENTION=HC000T65W:(12294,0)-(12304,0) FQEC=HC000T65W:111 CORRECT
      (examples/M9/zerohop_response/example_qrels/M09-ZeroHop-FQEC-QREL.tab line 21)
DEBUG_INFO: GROUND_TRUTH_INFO: NODEID=E0632 MENTION=HC000T65W:(2381,0)-(2391,0) FQEC=HC000T65W:25 CORRECT
      (examples/M9/zerohop_response/example_qrels/M09-ZeroHop-FQEC-QREL.tab line 3)
DEBUG_INFO: GROUND_TRUTH_INFO: NODEID=E0632 MENTION=HC000T65W:(3776,0)-(3786,0) FQEC=HC000T65W:38 CORRECT
      (examples/M9/zerohop_response/example_qrels/M09-ZeroHop-FQEC-QREL.tab line 4)
DEBUG_INFO: GROUND_TRUTH_INFO: NODEID=E0632 MENTION=HC000T65W:(6154,0)-(6263,0) FQEC=HC000T65W:56 CORRECT
      (examples/M9/zerohop_response/example_qrels/M09-ZeroHop-FQEC-QREL.tab line 5)
DEBUG_INFO: GROUND_TRUTH_INFO: NODEID=E0632 MENTION=HC000T65W:(6181,0)-(6197,0) FQEC=HC000T65W:56 CORRECT
      (examples/M9/zerohop_response/example_qrels/M09-ZeroHop-FQEC-QREL.tab line 6)
DEBUG_INFO: GROUND_TRUTH_INFO: NODEID=E0632 MENTION=HC000T65W:(6185,0)-(6196,0) FQEC=HC000T65W:56 CORRECT
      (examples/M9/zerohop_response/example_qrels/M09-ZeroHop-FQEC-QREL.tab line 7)
DEBUG_INFO: GROUND_TRUTH_INFO: NODEID=E0632 MENTION=HC000T65W:(6321,0)-(6333,0) FQEC=HC000T65W:57 CORRECT
      (examples/M9/zerohop_response/example_qrels/M09-ZeroHop-FQEC-QREL.tab line 8)
DEBUG_INFO: GROUND_TRUTH_INFO: NODEID=E0632 MENTION=HC000T65W:(7133,0)-(7146,0) FQEC=HC000T65W:62 CORRECT
      (examples/M9/zerohop_response/example_qrels/M09-ZeroHop-FQEC-QREL.tab line 9)
DEBUG_INFO: GROUND_TRUTH_INFO: NODEID=E0632 MENTION=HC000T65W:(7847,0)-(7857,0) FQEC=HC000T65W:70 CORRECT
      (examples/M9/zerohop_response/example_qrels/M09-ZeroHop-FQEC-QREL.tab line 10)
DEBUG_INFO: GROUND_TRUTH_INFO: NODEID=E0632 MENTION=HC000T65W:(8084,0)-(8094,0) FQEC=HC000T65W:71 CORRECT
      (examples/M9/zerohop_response/example_qrels/M09-ZeroHop-FQEC-QREL.tab line 11)
DEBUG_INFO: GROUND_TRUTH_INFO: NODEID=E0632 MENTION=HC000T65W:(9329,0)-(9339,0) FQEC=HC000T65W:81 CORRECT
      (examples/M9/zerohop_response/example_qrels/M09-ZeroHop-FQEC-QREL.tab line 12)
DEBUG_INFO: GROUND_TRUTH_INFO: NODEID=E0632 MENTION=HC000T65W:(9443,0)-(9453,0) FQEC=HC000T65W:83 CORRECT
      (examples/M9/zerohop_response/example_qrels/M09-ZeroHop-FQEC-QREL.tab line 13)
DEBUG_INFO: GROUND_TRUTH_INFO: NODEID=E0632 MENTION=HC000T65W:(9966,0)-(9983,0) FQEC=HC000T65W:87 CORRECT
      (examples/M9/zerohop_response/example_qrels/M09-ZeroHop-FQEC-QREL.tab line 14)
DEBUG_INFO: GROUND_TRUTH_INFO: NODEID=E0632 MENTION=HC000T65W:(9967,0)-(9977,0) FQEC=HC000T65W:87 CORRECT
      (examples/M9/zerohop_response/example_qrels/M09-ZeroHop-FQEC-QREL.tab line 15)
DEBUG_INFO: GROUND_TRUTH_INFO: NODEID=E0632 MENTION=IC001L4O4:(1842,0)-(1852,0) FQEC=IC001L4O4:15 CORRECT
      (examples/M9/zerohop_response/example_qrels/M09-ZeroHop-FQEC-QREL.tab line 30)
DEBUG_INFO: GROUND_TRUTH_INFO: NODEID=E0632 MENTION=IC001L4O4:(193,0)-(387,0) FQEC=IC001L4O4:4 CORRECT
      (examples/M9/zerohop_response/example_qrels/M09-ZeroHop-FQEC-QREL.tab line 22)
DEBUG_INFO: GROUND_TRUTH_INFO: NODEID=E0632 MENTION=IC001L4O4:(2264,0)-(2279,0) FQEC=IC001L4O4:18 CORRECT
      (examples/M9/zerohop_response/example_qrels/M09-ZeroHop-FQEC-QREL.tab line 31)
DEBUG_INFO: GROUND_TRUTH_INFO: NODEID=E0632 MENTION=IC001L4O4:(2826,0)-(2840,0) FQEC=IC001L4O4:23 CORRECT
      (examples/M9/zerohop_response/example_qrels/M09-ZeroHop-FQEC-QREL.tab line 32)
DEBUG_INFO: GROUND_TRUTH_INFO: NODEID=E0632 MENTION=IC001L4O4:(2830,0)-(2840,0) FQEC=IC001L4O4:23 CORRECT
      (examples/M9/zerohop_response/example_qrels/M09-ZeroHop-FQEC-QREL.tab line 33)
DEBUG_INFO: GROUND_TRUTH_INFO: NODEID=E0632 MENTION=IC001L4O4:(2848,0)-(2857,0) FQEC=0 INCORRECT
      (examples/M9/zerohop_response/example_qrels/M09-ZeroHop-FQEC-QREL.tab line 34)
DEBUG_INFO: GROUND_TRUTH_INFO: NODEID=E0632 MENTION=IC001L4O4:(3065,0)-(3076,0) FQEC=IC001L4O4:25 CORRECT
      (examples/M9/zerohop_response/example_qrels/M09-ZeroHop-FQEC-QREL.tab line 35)
DEBUG_INFO: GROUND_TRUTH_INFO: NODEID=E0632 MENTION=IC001L4O4:(317,0)-(387,0) FQEC=IC001L4O4:4 CORRECT
      (examples/M9/zerohop_response/example_qrels/M09-ZeroHop-FQEC-QREL.tab line 23)
DEBUG_INFO: GROUND_TRUTH_INFO: NODEID=E0632 MENTION=IC001L4O4:(364,0)-(387,0) FQEC=IC001L4O4:4 CORRECT
      (examples/M9/zerohop_response/example_qrels/M09-ZeroHop-FQEC-QREL.tab line 24)
DEBUG_INFO: GROUND_TRUTH_INFO: NODEID=E0632 MENTION=IC001L4O4:(365,0)-(386,0) FQEC=IC001L4O4:4 CORRECT
      (examples/M9/zerohop_response/example_qrels/M09-ZeroHop-FQEC-QREL.tab line 25)
DEBUG_INFO: GROUND_TRUTH_INFO: NODEID=E0632 MENTION=IC001L4O4:(378,0)-(386,0) FQEC=IC001L4O4:4 CORRECT
      (examples/M9/zerohop_response/example_qrels/M09-ZeroHop-FQEC-QREL.tab line 26)
DEBUG_INFO: GROUND_TRUTH_INFO: NODEID=E0632 MENTION=IC001L4O4:(953,0)-(1033,0) FQEC=IC001L4O4:8 CORRECT
      (examples/M9/zerohop_response/example_qrels/M09-ZeroHop-FQEC-QREL.tab line 27)
DEBUG_INFO: GROUND_TRUTH_INFO: NODEID=E0632 MENTION=IC001L4O4:(987,0)-(996,0) FQEC=IC001L4O4:8 CORRECT
      (examples/M9/zerohop_response/example_qrels/M09-ZeroHop-FQEC-QREL.tab line 28)
DEBUG_INFO: GROUND_TRUTH_INFO: NODEID=E0632 MENTION=IC001L4O4:(988,0)-(996,0) FQEC=IC001L4O4:8 CORRECT
      (examples/M9/zerohop_response/example_qrels/M09-ZeroHop-FQEC-QREL.tab line 29)
DEBUG_INFO: GROUND_TRUTH_INFO: NODEID=E0635 MENTION=HC000T65W:(1001,0)-(1012,0) FQEC=HC000T65W:10 CORRECT
      (examples/M9/zerohop_response/example_qrels/M09-ZeroHop-FQEC-QREL.tab line 53)
DEBUG_INFO: GROUND_TRUTH_INFO: NODEID=E0635 MENTION=HC000T65W:(1002,0)-(1012,0) FQEC=HC000T65W:10 CORRECT
      (examples/M9/zerohop_response/example_qrels/M09-ZeroHop-FQEC-QREL.tab line 54)
DEBUG_INFO: GROUND_TRUTH_INFO: NODEID=E0635 MENTION=HC000T65W:(10023,0)-(10028,0) FQEC=0 INCORRECT
      (examples/M9/zerohop_response/example_qrels/M09-ZeroHop-FQEC-QREL.tab line 125)
DEBUG_INFO: GROUND_TRUTH_INFO: NODEID=E0635 MENTION=HC000T65W:(10052,0)-(10059,0) FQEC=0 INCORRECT
      (examples/M9/zerohop_response/example_qrels/M09-ZeroHop-FQEC-QREL.tab line 126)
DEBUG_INFO: GROUND_TRUTH_INFO: NODEID=E0635 MENTION=HC000T65W:(10174,0)-(10182,0) FQEC=0 INCORRECT
      (examples/M9/zerohop_response/example_qrels/M09-ZeroHop-FQEC-QREL.tab line 127)
DEBUG_INFO: GROUND_TRUTH_INFO: NODEID=E0635 MENTION=HC000T65W:(1025,0)-(1184,0) FQEC=HC000T65W:11 CORRECT
      (examples/M9/zerohop_response/example_qrels/M09-ZeroHop-FQEC-QREL.tab line 55)
DEBUG_INFO: GROUND_TRUTH_INFO: NODEID=E0635 MENTION=HC000T65W:(10349,0)-(10357,0) FQEC=0 INCORRECT
      (examples/M9/zerohop_response/example_qrels/M09-ZeroHop-FQEC-QREL.tab line 128)
DEBUG_INFO: GROUND_TRUTH_INFO: NODEID=E0635 MENTION=HC000T65W:(10768,0)-(10777,0) FQEC=0 INCORRECT
      (examples/M9/zerohop_response/example_qrels/M09-ZeroHop-FQEC-QREL.tab line 129)
DEBUG_INFO: GROUND_TRUTH_INFO: NODEID=E0635 MENTION=HC000T65W:(10779,0)-(10784,0) FQEC=0 INCORRECT
      (examples/M9/zerohop_response/example_qrels/M09-ZeroHop-FQEC-QREL.tab line 130)
DEBUG_INFO: GROUND_TRUTH_INFO: NODEID=E0635 MENTION=HC000T65W:(11110,0)-(11304,0) FQEC=HC000T65W:99 CORRECT
      (examples/M9/zerohop_response/example_qrels/M09-ZeroHop-FQEC-QREL.tab line 131)
DEBUG_INFO: GROUND_TRUTH_INFO: NODEID=E0635 MENTION=HC000T65W:(1120,0)-(1128,0) FQEC=0 INCORRECT
      (examples/M9/zerohop_response/example_qrels/M09-ZeroHop-FQEC-QREL.tab line 56)
DEBUG_INFO: GROUND_TRUTH_INFO: NODEID=E0635 MENTION=HC000T65W:(11234,0)-(11236,0) FQEC=HC000T65W:99 CORRECT
      (examples/M9/zerohop_response/example_qrels/M09-ZeroHop-FQEC-QREL.tab line 132)
DEBUG_INFO: GROUND_TRUTH_INFO: NODEID=E0635 MENTION=HC000T65W:(11235,0)-(11236,0) FQEC=HC000T65W:99 CORRECT
      (examples/M9/zerohop_response/example_qrels/M09-ZeroHop-FQEC-QREL.tab line 133)
DEBUG_INFO: GROUND_TRUTH_INFO: NODEID=E0635 MENTION=HC000T65W:(11282,0)-(11287,0) FQEC=0 INCORRECT
      (examples/M9/zerohop_response/example_qrels/M09-ZeroHop-FQEC-QREL.tab line 134)
DEBUG_INFO: GROUND_TRUTH_INFO: NODEID=E0635 MENTION=HC000T65W:(1140,0)-(1148,0) FQEC=HC000T65W:11 CORRECT
      (examples/M9/zerohop_response/example_qrels/M09-ZeroHop-FQEC-QREL.tab line 57)
DEBUG_INFO: GROUND_TRUTH_INFO: NODEID=E0635 MENTION=HC000T65W:(11405,0)-(11514,0) FQEC=HC000T65W:102 CORRECT
      (examples/M9/zerohop_response/example_qrels/M09-ZeroHop-FQEC-QREL.tab line 135)
DEBUG_INFO: GROUND_TRUTH_INFO: NODEID=E0635 MENTION=HC000T65W:(11421,0)-(11431,0) FQEC=HC000T65W:102 CORRECT
      (examples/M9/zerohop_response/example_qrels/M09-ZeroHop-FQEC-QREL.tab line 136)
DEBUG_INFO: GROUND_TRUTH_INFO: NODEID=E0635 MENTION=HC000T65W:(11422,0)-(11431,0) FQEC=HC000T65W:102 CORRECT
      (examples/M9/zerohop_response/example_qrels/M09-ZeroHop-FQEC-QREL.tab line 137)
DEBUG_INFO: GROUND_TRUTH_INFO: NODEID=E0635 MENTION=HC000T65W:(1143,0)-(1148,0) FQEC=HC000T65W:11 CORRECT
      (examples/M9/zerohop_response/example_qrels/M09-ZeroHop-FQEC-QREL.tab line 58)
DEBUG_INFO: GROUND_TRUTH_INFO: NODEID=E0635 MENTION=HC000T65W:(11465,0)-(11472,0) FQEC=0 INCORRECT
      (examples/M9/zerohop_response/example_qrels/M09-ZeroHop-FQEC-QREL.tab line 138)
DEBUG_INFO: GROUND_TRUTH_INFO: NODEID=E0635 MENTION=HC000T65W:(11533,0)-(11537,0) FQEC=0 INCORRECT
      (examples/M9/zerohop_response/example_qrels/M09-ZeroHop-FQEC-QREL.tab line 139)
DEBUG_INFO: GROUND_TRUTH_INFO: NODEID=E0635 MENTION=HC000T65W:(11647,0)-(11656,0) FQEC=0 INCORRECT
      (examples/M9/zerohop_response/example_qrels/M09-ZeroHop-FQEC-QREL.tab line 140)
DEBUG_INFO: GROUND_TRUTH_INFO: NODEID=E0635 MENTION=HC000T65W:(11686,0)-(11695,0) FQEC=0 INCORRECT
      (examples/M9/zerohop_response/example_qrels/M09-ZeroHop-FQEC-QREL.tab line 141)
DEBUG_INFO: GROUND_TRUTH_INFO: NODEID=E0635 MENTION=HC000T65W:(11796,0)-(11804,0) FQEC=0 INCORRECT
      (examples/M9/zerohop_response/example_qrels/M09-ZeroHop-FQEC-QREL.tab line 142)
DEBUG_INFO: GROUND_TRUTH_INFO: NODEID=E0635 MENTION=HC000T65W:(11839,0)-(11880,0) FQEC=HC000T65W:108 CORRECT
      (examples/M9/zerohop_response/example_qrels/M09-ZeroHop-FQEC-QREL.tab line 143)
DEBUG_INFO: GROUND_TRUTH_INFO: NODEID=E0635 MENTION=HC000T65W:(1186,0)-(1288,0) FQEC=HC000T65W:12 CORRECT
      (examples/M9/zerohop_response/example_qrels/M09-ZeroHop-FQEC-QREL.tab line 59)
DEBUG_INFO: GROUND_TRUTH_INFO: NODEID=E0635 MENTION=HC000T65W:(11873,0)-(11880,0) FQEC=HC000T65W:108 CORRECT
      (examples/M9/zerohop_response/example_qrels/M09-ZeroHop-FQEC-QREL.tab line 144)
DEBUG_INFO: GROUND_TRUTH_INFO: NODEID=E0635 MENTION=HC000T65W:(11874,0)-(11879,0) FQEC=HC000T65W:108 CORRECT
      (examples/M9/zerohop_response/example_qrels/M09-ZeroHop-FQEC-QREL.tab line 145)
DEBUG_INFO: GROUND_TRUTH_INFO: NODEID=E0635 MENTION=HC000T65W:(11885,0)-(12113,0) FQEC=HC000T65W:109 CORRECT
      (examples/M9/zerohop_response/example_qrels/M09-ZeroHop-FQEC-QREL.tab line 146)
DEBUG_INFO: GROUND_TRUTH_INFO: NODEID=E0635 MENTION=HC000T65W:(11974,0)-(11982,0) FQEC=0 INCORRECT
      (examples/M9/zerohop_response/example_qrels/M09-ZeroHop-FQEC-QREL.tab line 147)
DEBUG_INFO: GROUND_TRUTH_INFO: NODEID=E0635 MENTION=HC000T65W:(12073,0)-(12075,0) FQEC=HC000T65W:109 CORRECT
      (examples/M9/zerohop_response/example_qrels/M09-ZeroHop-FQEC-QREL.tab line 148)
DEBUG_INFO: GROUND_TRUTH_INFO: NODEID=E0635 MENTION=HC000T65W:(12074,0)-(12075,0) FQEC=HC000T65W:109 CORRECT
      (examples/M9/zerohop_response/example_qrels/M09-ZeroHop-FQEC-QREL.tab line 149)
DEBUG_INFO: GROUND_TRUTH_INFO: NODEID=E0635 MENTION=HC000T65W:(12221,0)-(12230,0) FQEC=0 INCORRECT
      (examples/M9/zerohop_response/example_qrels/M09-ZeroHop-FQEC-QREL.tab line 150)
DEBUG_INFO: GROUND_TRUTH_INFO: NODEID=E0635 MENTION=HC000T65W:(1224,0)-(1235,0) FQEC=HC000T65W:12 CORRECT
      (examples/M9/zerohop_response/example_qrels/M09-ZeroHop-FQEC-QREL.tab line 60)
DEBUG_INFO: GROUND_TRUTH_INFO: NODEID=E0635 MENTION=HC000T65W:(1225,0)-(1235,0) FQEC=HC000T65W:12 CORRECT
      (examples/M9/zerohop_response/example_qrels/M09-ZeroHop-FQEC-QREL.tab line 61)
DEBUG_INFO: GROUND_TRUTH_INFO: NODEID=E0635 MENTION=HC000T65W:(12267,0)-(12449,0) FQEC=HC000T65W:111 CORRECT
      (examples/M9/zerohop_response/example_qrels/M09-ZeroHop-FQEC-QREL.tab line 151)
DEBUG_INFO: GROUND_TRUTH_INFO: NODEID=E0635 MENTION=HC000T65W:(12368,0)-(12378,0) FQEC=HC000T65W:111 CORRECT
      (examples/M9/zerohop_response/example_qrels/M09-ZeroHop-FQEC-QREL.tab line 152)
DEBUG_INFO: GROUND_TRUTH_INFO: NODEID=E0635 MENTION=HC000T65W:(12369,0)-(12378,0) FQEC=HC000T65W:111 CORRECT
      (examples/M9/zerohop_response/example_qrels/M09-ZeroHop-FQEC-QREL.tab line 153)
DEBUG_INFO: GROUND_TRUTH_INFO: NODEID=E0635 MENTION=HC000T65W:(12440,0)-(12448,0) FQEC=0 INCORRECT
      (examples/M9/zerohop_response/example_qrels/M09-ZeroHop-FQEC-QREL.tab line 154)
DEBUG_INFO: GROUND_TRUTH_INFO: NODEID=E0635 MENTION=HC000T65W:(12627,0)-(12636,0) FQEC=0 INCORRECT
      (examples/M9/zerohop_response/example_qrels/M09-ZeroHop-FQEC-QREL.tab line 155)
DEBUG_INFO: GROUND_TRUTH_INFO: NODEID=E0635 MENTION=HC000T65W:(12749,0)-(12757,0) FQEC=0 INCORRECT
      (examples/M9/zerohop_response/example_qrels/M09-ZeroHop-FQEC-QREL.tab line 156)
DEBUG_INFO: GROUND_TRUTH_INFO: NODEID=E0635 MENTION=HC000T65W:(12888,0)-(12897,0) FQEC=0 INCORRECT
      (examples/M9/zerohop_response/example_qrels/M09-ZeroHop-FQEC-QREL.tab line 157)
DEBUG_INFO: GROUND_TRUTH_INFO: NODEID=E0635 MENTION=HC000T65W:(1290,0)-(1377,0) FQEC=HC000T65W:13 CORRECT
      (examples/M9/zerohop_response/example_qrels/M09-ZeroHop-FQEC-QREL.tab line 62)
DEBUG_INFO: GROUND_TRUTH_INFO: NODEID=E0635 MENTION=HC000T65W:(12992,0)-(12998,0) FQEC=0 INCORRECT
      (examples/M9/zerohop_response/example_qrels/M09-ZeroHop-FQEC-QREL.tab line 158)
DEBUG_INFO: GROUND_TRUTH_INFO: NODEID=E0635 MENTION=HC000T65W:(13076,0)-(13084,0) FQEC=0 INCORRECT
      (examples/M9/zerohop_response/example_qrels/M09-ZeroHop-FQEC-QREL.tab line 159)
DEBUG_INFO: GROUND_TRUTH_INFO: NODEID=E0635 MENTION=HC000T65W:(13164,0)-(13172,0) FQEC=0 INCORRECT
      (examples/M9/zerohop_response/example_qrels/M09-ZeroHop-FQEC-QREL.tab line 160)
DEBUG_INFO: GROUND_TRUTH_INFO: NODEID=E0635 MENTION=HC000T65W:(13403,0)-(13451,0) FQEC=0 INCORRECT
      (examples/M9/zerohop_response/example_qrels/M09-ZeroHop-FQEC-QREL.tab line 161)
DEBUG_INFO: GROUND_TRUTH_INFO: NODEID=E0635 MENTION=HC000T65W:(13417,0)-(13425,0) FQEC=0 INCORRECT
      (examples/M9/zerohop_response/example_qrels/M09-ZeroHop-FQEC-QREL.tab line 162)
DEBUG_INFO: GROUND_TRUTH_INFO: NODEID=E0635 MENTION=HC000T65W:(13444,0)-(13449,0) FQEC=0 INCORRECT
      (examples/M9/zerohop_response/example_qrels/M09-ZeroHop-FQEC-QREL.tab line 163)
DEBUG_INFO: GROUND_TRUTH_INFO: NODEID=E0635 MENTION=HC000T65W:(13464,0)-(13473,0) FQEC=0 INCORRECT
      (examples/M9/zerohop_response/example_qrels/M09-ZeroHop-FQEC-QREL.tab line 164)
DEBUG_INFO: GROUND_TRUTH_INFO: NODEID=E0635 MENTION=HC000T65W:(13568,0)-(13576,0) FQEC=0 INCORRECT
      (examples/M9/zerohop_response/example_qrels/M09-ZeroHop-FQEC-QREL.tab line 165)
DEBUG_INFO: GROUND_TRUTH_INFO: NODEID=E0635 MENTION=HC000T65W:(1379,0)-(1443,0) FQEC=HC000T65W:14 CORRECT
      (examples/M9/zerohop_response/example_qrels/M09-ZeroHop-FQEC-QREL.tab line 63)
DEBUG_INFO: GROUND_TRUTH_INFO: NODEID=E0635 MENTION=HC000T65W:(1388,0)-(1399,0) FQEC=HC000T65W:14 CORRECT
      (examples/M9/zerohop_response/example_qrels/M09-ZeroHop-FQEC-QREL.tab line 64)
DEBUG_INFO: GROUND_TRUTH_INFO: NODEID=E0635 MENTION=HC000T65W:(1389,0)-(1399,0) FQEC=HC000T65W:14 CORRECT
      (examples/M9/zerohop_response/example_qrels/M09-ZeroHop-FQEC-QREL.tab line 65)
DEBUG_INFO: GROUND_TRUTH_INFO: NODEID=E0635 MENTION=HC000T65W:(13921,0)-(13930,0) FQEC=0 INCORRECT
      (examples/M9/zerohop_response/example_qrels/M09-ZeroHop-FQEC-QREL.tab line 166)
DEBUG_INFO: GROUND_TRUTH_INFO: NODEID=E0635 MENTION=HC000T65W:(14028,0)-(14037,0) FQEC=0 INCORRECT
      (examples/M9/zerohop_response/example_qrels/M09-ZeroHop-FQEC-QREL.tab line 167)
DEBUG_INFO: GROUND_TRUTH_INFO: NODEID=E0635 MENTION=HC000T65W:(14047,0)-(14173,0) FQEC=HC000T65W:126 CORRECT
      (examples/M9/zerohop_response/example_qrels/M09-ZeroHop-FQEC-QREL.tab line 168)
DEBUG_INFO: GROUND_TRUTH_INFO: NODEID=E0635 MENTION=HC000T65W:(14051,0)-(14061,0) FQEC=HC000T65W:126 CORRECT
      (examples/M9/zerohop_response/example_qrels/M09-ZeroHop-FQEC-QREL.tab line 169)
DEBUG_INFO: GROUND_TRUTH_INFO: NODEID=E0635 MENTION=HC000T65W:(14052,0)-(14061,0) FQEC=HC000T65W:126 CORRECT
      (examples/M9/zerohop_response/example_qrels/M09-ZeroHop-FQEC-QREL.tab line 170)
DEBUG_INFO: GROUND_TRUTH_INFO: NODEID=E0635 MENTION=HC000T65W:(14113,0)-(14121,0) FQEC=0 INCORRECT
      (examples/M9/zerohop_response/example_qrels/M09-ZeroHop-FQEC-QREL.tab line 171)
DEBUG_INFO: GROUND_TRUTH_INFO: NODEID=E0635 MENTION=HC000T65W:(14157,0)-(14166,0) FQEC=0 INCORRECT
      (examples/M9/zerohop_response/example_qrels/M09-ZeroHop-FQEC-QREL.tab line 172)
DEBUG_INFO: GROUND_TRUTH_INFO: NODEID=E0635 MENTION=HC000T65W:(14192,0)-(14198,0) FQEC=0 INCORRECT
      (examples/M9/zerohop_response/example_qrels/M09-ZeroHop-FQEC-QREL.tab line 173)
DEBUG_INFO: GROUND_TRUTH_INFO: NODEID=E0635 MENTION=HC000T65W:(14200,0)-(14206,0) FQEC=0 INCORRECT
      (examples/M9/zerohop_response/example_qrels/M09-ZeroHop-FQEC-QREL.tab line 174)
DEBUG_INFO: GROUND_TRUTH_INFO: NODEID=E0635 MENTION=HC000T65W:(14243,0)-(14251,0) FQEC=0 INCORRECT
      (examples/M9/zerohop_response/example_qrels/M09-ZeroHop-FQEC-QREL.tab line 175)
DEBUG_INFO: GROUND_TRUTH_INFO: NODEID=E0635 MENTION=HC000T65W:(14311,0)-(14321,0) FQEC=0 INCORRECT
      (examples/M9/zerohop_response/example_qrels/M09-ZeroHop-FQEC-QREL.tab line 176)
DEBUG_INFO: GROUND_TRUTH_INFO: NODEID=E0635 MENTION=HC000T65W:(14361,0)-(14370,0) FQEC=0 INCORRECT
      (examples/M9/zerohop_response/example_qrels/M09-ZeroHop-FQEC-QREL.tab line 177)
DEBUG_INFO: GROUND_TRUTH_INFO: NODEID=E0635 MENTION=HC000T65W:(14532,0)-(14541,0) FQEC=0 INCORRECT
      (examples/M9/zerohop_response/example_qrels/M09-ZeroHop-FQEC-QREL.tab line 178)
DEBUG_INFO: GROUND_TRUTH_INFO: NODEID=E0635 MENTION=HC000T65W:(14628,0)-(14641,0) FQEC=0 INCORRECT
      (examples/M9/zerohop_response/example_qrels/M09-ZeroHop-FQEC-QREL.tab line 179)
DEBUG_INFO: GROUND_TRUTH_INFO: NODEID=E0635 MENTION=HC000T65W:(14647,0)-(14653,0) FQEC=0 INCORRECT
      (examples/M9/zerohop_response/example_qrels/M09-ZeroHop-FQEC-QREL.tab line 180)
DEBUG_INFO: GROUND_TRUTH_INFO: NODEID=E0635 MENTION=HC000T65W:(15121,0)-(15126,0) FQEC=0 INCORRECT
      (examples/M9/zerohop_response/example_qrels/M09-ZeroHop-FQEC-QREL.tab line 181)
DEBUG_INFO: GROUND_TRUTH_INFO: NODEID=E0635 MENTION=HC000T65W:(15399,0)-(15407,0) FQEC=0 INCORRECT
      (examples/M9/zerohop_response/example_qrels/M09-ZeroHop-FQEC-QREL.tab line 182)
DEBUG_INFO: GROUND_TRUTH_INFO: NODEID=E0635 MENTION=HC000T65W:(15636,0)-(15646,0) FQEC=0 INCORRECT
      (examples/M9/zerohop_response/example_qrels/M09-ZeroHop-FQEC-QREL.tab line 183)
DEBUG_INFO: GROUND_TRUTH_INFO: NODEID=E0635 MENTION=HC000T65W:(15701,0)-(15797,0) FQEC=0 INCORRECT
      (examples/M9/zerohop_response/example_qrels/M09-ZeroHop-FQEC-QREL.tab line 184)
DEBUG_INFO: GROUND_TRUTH_INFO: NODEID=E0635 MENTION=HC000T65W:(1573,0)-(1708,0) FQEC=HC000T65W:17 CORRECT
      (examples/M9/zerohop_response/example_qrels/M09-ZeroHop-FQEC-QREL.tab line 66)
DEBUG_INFO: GROUND_TRUTH_INFO: NODEID=E0635 MENTION=HC000T65W:(15909,0)-(15917,0) FQEC=0 INCORRECT
      (examples/M9/zerohop_response/example_qrels/M09-ZeroHop-FQEC-QREL.tab line 185)
DEBUG_INFO: GROUND_TRUTH_INFO: NODEID=E0635 MENTION=HC000T65W:(15997,0)-(16005,0) FQEC=0 INCORRECT
      (examples/M9/zerohop_response/example_qrels/M09-ZeroHop-FQEC-QREL.tab line 186)
DEBUG_INFO: GROUND_TRUTH_INFO: NODEID=E0635 MENTION=HC000T65W:(16086,0)-(16094,0) FQEC=0 INCORRECT
      (examples/M9/zerohop_response/example_qrels/M09-ZeroHop-FQEC-QREL.tab line 187)
DEBUG_INFO: GROUND_TRUTH_INFO: NODEID=E0635 MENTION=HC000T65W:(16136,0)-(16144,0) FQEC=0 INCORRECT
      (examples/M9/zerohop_response/example_qrels/M09-ZeroHop-FQEC-QREL.tab line 188)
DEBUG_INFO: GROUND_TRUTH_INFO: NODEID=E0635 MENTION=HC000T65W:(16166,0)-(16174,0) FQEC=0 INCORRECT
      (examples/M9/zerohop_response/example_qrels/M09-ZeroHop-FQEC-QREL.tab line 189)
DEBUG_INFO: GROUND_TRUTH_INFO: NODEID=E0635 MENTION=HC000T65W:(1674,0)-(1694,0) FQEC=HC000T65W:17 CORRECT
      (examples/M9/zerohop_response/example_qrels/M09-ZeroHop-FQEC-QREL.tab line 67)
DEBUG_INFO: GROUND_TRUTH_INFO: NODEID=E0635 MENTION=HC000T65W:(1814,0)-(1823,0) FQEC=0 INCORRECT
      (examples/M9/zerohop_response/example_qrels/M09-ZeroHop-FQEC-QREL.tab line 68)
DEBUG_INFO: GROUND_TRUTH_INFO: NODEID=E0635 MENTION=HC000T65W:(1862,0)-(1944,0) FQEC=HC000T65W:20 CORRECT
      (examples/M9/zerohop_response/example_qrels/M09-ZeroHop-FQEC-QREL.tab line 69)
DEBUG_INFO: GROUND_TRUTH_INFO: NODEID=E0635 MENTION=HC000T65W:(2181,0)-(2309,0) FQEC=HC000T65W:23 CORRECT
      (examples/M9/zerohop_response/example_qrels/M09-ZeroHop-FQEC-QREL.tab line 70)
DEBUG_INFO: GROUND_TRUTH_INFO: NODEID=E0635 MENTION=HC000T65W:(2232,0)-(2242,0) FQEC=HC000T65W:23 CORRECT
      (examples/M9/zerohop_response/example_qrels/M09-ZeroHop-FQEC-QREL.tab line 71)
DEBUG_INFO: GROUND_TRUTH_INFO: NODEID=E0635 MENTION=HC000T65W:(2233,0)-(2242,0) FQEC=HC000T65W:23 CORRECT
      (examples/M9/zerohop_response/example_qrels/M09-ZeroHop-FQEC-QREL.tab line 72)
DEBUG_INFO: GROUND_TRUTH_INFO: NODEID=E0635 MENTION=HC000T65W:(24,0)-(32,0) FQEC=0 INCORRECT
      (examples/M9/zerohop_response/example_qrels/M09-ZeroHop-FQEC-QREL.tab line 36)
DEBUG_INFO: GROUND_TRUTH_INFO: NODEID=E0635 MENTION=HC000T65W:(240,0)-(248,0) FQEC=0 INCORRECT
      (examples/M9/zerohop_response/example_qrels/M09-ZeroHop-FQEC-QREL.tab line 41)
DEBUG_INFO: GROUND_TRUTH_INFO: NODEID=E0635 MENTION=HC000T65W:(2464,0)-(2577,0) FQEC=HC000T65W:26 CORRECT
      (examples/M9/zerohop_response/example_qrels/M09-ZeroHop-FQEC-QREL.tab line 73)
DEBUG_INFO: GROUND_TRUTH_INFO: NODEID=E0635 MENTION=HC000T65W:(2548,0)-(2554,0) FQEC=HC000T65W:26 CORRECT
      (examples/M9/zerohop_response/example_qrels/M09-ZeroHop-FQEC-QREL.tab line 74)
DEBUG_INFO: GROUND_TRUTH_INFO: NODEID=E0635 MENTION=HC000T65W:(2549,0)-(2554,0) FQEC=HC000T65W:26 CORRECT
      (examples/M9/zerohop_response/example_qrels/M09-ZeroHop-FQEC-QREL.tab line 75)
DEBUG_INFO: GROUND_TRUTH_INFO: NODEID=E0635 MENTION=HC000T65W:(2559,0)-(2568,0) FQEC=0 INCORRECT
      (examples/M9/zerohop_response/example_qrels/M09-ZeroHop-FQEC-QREL.tab line 76)
DEBUG_INFO: GROUND_TRUTH_INFO: NODEID=E0635 MENTION=HC000T65W:(2570,0)-(2576,0) FQEC=0 INCORRECT
      (examples/M9/zerohop_response/example_qrels/M09-ZeroHop-FQEC-QREL.tab line 77)
DEBUG_INFO: GROUND_TRUTH_INFO: NODEID=E0635 MENTION=HC000T65W:(2583,0)-(2591,0) FQEC=0 INCORRECT
      (examples/M9/zerohop_response/example_qrels/M09-ZeroHop-FQEC-QREL.tab line 78)
DEBUG_INFO: GROUND_TRUTH_INFO: NODEID=E0635 MENTION=HC000T65W:(304,0)-(386,0) FQEC=HC000T65W:6 CORRECT
      (examples/M9/zerohop_response/example_qrels/M09-ZeroHop-FQEC-QREL.tab line 42)
DEBUG_INFO: GROUND_TRUTH_INFO: NODEID=E0635 MENTION=HC000T65W:(3213,0)-(3221,0) FQEC=0 INCORRECT
      (examples/M9/zerohop_response/example_qrels/M09-ZeroHop-FQEC-QREL.tab line 79)
DEBUG_INFO: GROUND_TRUTH_INFO: NODEID=E0635 MENTION=HC000T65W:(3401,0)-(3409,0) FQEC=0 INCORRECT
      (examples/M9/zerohop_response/example_qrels/M09-ZeroHop-FQEC-QREL.tab line 80)
DEBUG_INFO: GROUND_TRUTH_INFO: NODEID=E0635 MENTION=HC000T65W:(3455,0)-(3464,0) FQEC=0 INCORRECT
      (examples/M9/zerohop_response/example_qrels/M09-ZeroHop-FQEC-QREL.tab line 81)
DEBUG_INFO: GROUND_TRUTH_INFO: NODEID=E0635 MENTION=HC000T65W:(3788,0)-(3796,0) FQEC=0 INCORRECT
      (examples/M9/zerohop_response/example_qrels/M09-ZeroHop-FQEC-QREL.tab line 82)
DEBUG_INFO: GROUND_TRUTH_INFO: NODEID=E0635 MENTION=HC000T65W:(396,0)-(757,0) FQEC=HC000T65W:8 CORRECT
      (examples/M9/zerohop_response/example_qrels/M09-ZeroHop-FQEC-QREL.tab line 43)
DEBUG_INFO: GROUND_TRUTH_INFO: NODEID=E0635 MENTION=HC000T65W:(3966,0)-(3970,0) FQEC=0 INCORRECT
      (examples/M9/zerohop_response/example_qrels/M09-ZeroHop-FQEC-QREL.tab line 83)
DEBUG_INFO: GROUND_TRUTH_INFO: NODEID=E0635 MENTION=HC000T65W:(402,0)-(411,0) FQEC=0 INCORRECT
      (examples/M9/zerohop_response/example_qrels/M09-ZeroHop-FQEC-QREL.tab line 44)
DEBUG_INFO: GROUND_TRUTH_INFO: NODEID=E0635 MENTION=HC000T65W:(4150,0)-(4158,0) FQEC=0 INCORRECT
      (examples/M9/zerohop_response/example_qrels/M09-ZeroHop-FQEC-QREL.tab line 84)
DEBUG_INFO: GROUND_TRUTH_INFO: NODEID=E0635 MENTION=HC000T65W:(4160,0)-(4168,0) FQEC=0 INCORRECT
      (examples/M9/zerohop_response/example_qrels/M09-ZeroHop-FQEC-QREL.tab line 85)
DEBUG_INFO: GROUND_TRUTH_INFO: NODEID=E0635 MENTION=HC000T65W:(4274,0)-(4278,0) FQEC=0 INCORRECT
      (examples/M9/zerohop_response/example_qrels/M09-ZeroHop-FQEC-QREL.tab line 86)
DEBUG_INFO: GROUND_TRUTH_INFO: NODEID=E0635 MENTION=HC000T65W:(43,0)-(186,0) FQEC=HC000T65W:3 CORRECT
      (examples/M9/zerohop_response/example_qrels/M09-ZeroHop-FQEC-QREL.tab line 37)
DEBUG_INFO: GROUND_TRUTH_INFO: NODEID=E0635 MENTION=HC000T65W:(4354,0)-(4360,0) FQEC=0 INCORRECT
      (examples/M9/zerohop_response/example_qrels/M09-ZeroHop-FQEC-QREL.tab line 87)
DEBUG_INFO: GROUND_TRUTH_INFO: NODEID=E0635 MENTION=HC000T65W:(4653,0)-(4659,0) FQEC=0 INCORRECT
      (examples/M9/zerohop_response/example_qrels/M09-ZeroHop-FQEC-QREL.tab line 88)
DEBUG_INFO: GROUND_TRUTH_INFO: NODEID=E0635 MENTION=HC000T65W:(499,0)-(571,0) FQEC=HC000T65W:8 CORRECT
      (examples/M9/zerohop_response/example_qrels/M09-ZeroHop-FQEC-QREL.tab line 45)
DEBUG_INFO: GROUND_TRUTH_INFO: NODEID=E0635 MENTION=HC000T65W:(5111,0)-(5116,0) FQEC=0 INCORRECT
      (examples/M9/zerohop_response/example_qrels/M09-ZeroHop-FQEC-QREL.tab line 89)
DEBUG_INFO: GROUND_TRUTH_INFO: NODEID=E0635 MENTION=HC000T65W:(5118,0)-(5125,0) FQEC=0 INCORRECT
      (examples/M9/zerohop_response/example_qrels/M09-ZeroHop-FQEC-QREL.tab line 90)
DEBUG_INFO: GROUND_TRUTH_INFO: NODEID=E0635 MENTION=HC000T65W:(516,0)-(525,0) FQEC=HC000T65W:8 CORRECT
      (examples/M9/zerohop_response/example_qrels/M09-ZeroHop-FQEC-QREL.tab line 46)
DEBUG_INFO: GROUND_TRUTH_INFO: NODEID=E0635 MENTION=HC000T65W:(519,0)-(524,0) FQEC=HC000T65W:8 CORRECT
      (examples/M9/zerohop_response/example_qrels/M09-ZeroHop-FQEC-QREL.tab line 47)
DEBUG_INFO: GROUND_TRUTH_INFO: NODEID=E0635 MENTION=HC000T65W:(5523,0)-(5529,0) FQEC=0 INCORRECT
      (examples/M9/zerohop_response/example_qrels/M09-ZeroHop-FQEC-QREL.tab line 91)
DEBUG_INFO: GROUND_TRUTH_INFO: NODEID=E0635 MENTION=HC000T65W:(56,0)-(68,0) FQEC=0 INCORRECT
      (examples/M9/zerohop_response/example_qrels/M09-ZeroHop-FQEC-QREL.tab line 38)
DEBUG_INFO: GROUND_TRUTH_INFO: NODEID=E0635 MENTION=HC000T65W:(5748,0)-(5757,0) FQEC=0 INCORRECT
      (examples/M9/zerohop_response/example_qrels/M09-ZeroHop-FQEC-QREL.tab line 92)
DEBUG_INFO: GROUND_TRUTH_INFO: NODEID=E0635 MENTION=HC000T65W:(5870,0)-(5885,0) FQEC=0 INCORRECT
      (examples/M9/zerohop_response/example_qrels/M09-ZeroHop-FQEC-QREL.tab line 93)
DEBUG_INFO: GROUND_TRUTH_INFO: NODEID=E0635 MENTION=HC000T65W:(5907,0)-(5915,0) FQEC=0 INCORRECT
      (examples/M9/zerohop_response/example_qrels/M09-ZeroHop-FQEC-QREL.tab line 94)
DEBUG_INFO: GROUND_TRUTH_INFO: NODEID=E0635 MENTION=HC000T65W:(6073,0)-(6082,0) FQEC=0 INCORRECT
      (examples/M9/zerohop_response/example_qrels/M09-ZeroHop-FQEC-QREL.tab line 95)
DEBUG_INFO: GROUND_TRUTH_INFO: NODEID=E0635 MENTION=HC000T65W:(6143,0)-(6151,0) FQEC=0 INCORRECT
      (examples/M9/zerohop_response/example_qrels/M09-ZeroHop-FQEC-QREL.tab line 96)
DEBUG_INFO: GROUND_TRUTH_INFO: NODEID=E0635 MENTION=HC000T65W:(6154,0)-(6161,0) FQEC=0 INCORRECT
      (examples/M9/zerohop_response/example_qrels/M09-ZeroHop-FQEC-QREL.tab line 97)
DEBUG_INFO: GROUND_TRUTH_INFO: NODEID=E0635 MENTION=HC000T65W:(6412,0)-(6420,0) FQEC=0 INCORRECT
      (examples/M9/zerohop_response/example_qrels/M09-ZeroHop-FQEC-QREL.tab line 98)
DEBUG_INFO: GROUND_TRUTH_INFO: NODEID=E0635 MENTION=HC000T65W:(69,0)-(71,0) FQEC=HC000T65W:3 CORRECT
      (examples/M9/zerohop_response/example_qrels/M09-ZeroHop-FQEC-QREL.tab line 39)
DEBUG_INFO: GROUND_TRUTH_INFO: NODEID=E0635 MENTION=HC000T65W:(70,0)-(71,0) FQEC=HC000T65W:3 CORRECT
      (examples/M9/zerohop_response/example_qrels/M09-ZeroHop-FQEC-QREL.tab line 40)
DEBUG_INFO: GROUND_TRUTH_INFO: NODEID=E0635 MENTION=HC000T65W:(7097,0)-(7112,0) FQEC=0 INCORRECT
      (examples/M9/zerohop_response/example_qrels/M09-ZeroHop-FQEC-QREL.tab line 99)
DEBUG_INFO: GROUND_TRUTH_INFO: NODEID=E0635 MENTION=HC000T65W:(7461,0)-(7467,0) FQEC=0 INCORRECT
      (examples/M9/zerohop_response/example_qrels/M09-ZeroHop-FQEC-QREL.tab line 100)
DEBUG_INFO: GROUND_TRUTH_INFO: NODEID=E0635 MENTION=HC000T65W:(7491,0)-(7496,0) FQEC=0 INCORRECT
      (examples/M9/zerohop_response/example_qrels/M09-ZeroHop-FQEC-QREL.tab line 101)
DEBUG_INFO: GROUND_TRUTH_INFO: NODEID=E0635 MENTION=HC000T65W:(750,0)-(757,0) FQEC=HC000T65W:8 CORRECT
      (examples/M9/zerohop_response/example_qrels/M09-ZeroHop-FQEC-QREL.tab line 48)
DEBUG_INFO: GROUND_TRUTH_INFO: NODEID=E0635 MENTION=HC000T65W:(7509,0)-(7515,0) FQEC=0 INCORRECT
      (examples/M9/zerohop_response/example_qrels/M09-ZeroHop-FQEC-QREL.tab line 102)
DEBUG_INFO: GROUND_TRUTH_INFO: NODEID=E0635 MENTION=HC000T65W:(751,0)-(756,0) FQEC=HC000T65W:8 CORRECT
      (examples/M9/zerohop_response/example_qrels/M09-ZeroHop-FQEC-QREL.tab line 49)
DEBUG_INFO: GROUND_TRUTH_INFO: NODEID=E0635 MENTION=HC000T65W:(7800,0)-(7809,0) FQEC=0 INCORRECT
      (examples/M9/zerohop_response/example_qrels/M09-ZeroHop-FQEC-QREL.tab line 103)
DEBUG_INFO: GROUND_TRUTH_INFO: NODEID=E0635 MENTION=HC000T65W:(8073,0)-(8081,0) FQEC=0 INCORRECT
      (examples/M9/zerohop_response/example_qrels/M09-ZeroHop-FQEC-QREL.tab line 104)
DEBUG_INFO: GROUND_TRUTH_INFO: NODEID=E0635 MENTION=HC000T65W:(8126,0)-(8135,0) FQEC=0 INCORRECT
      (examples/M9/zerohop_response/example_qrels/M09-ZeroHop-FQEC-QREL.tab line 105)
DEBUG_INFO: GROUND_TRUTH_INFO: NODEID=E0635 MENTION=HC000T65W:(8159,0)-(8167,0) FQEC=0 INCORRECT
      (examples/M9/zerohop_response/example_qrels/M09-ZeroHop-FQEC-QREL.tab line 106)
DEBUG_INFO: GROUND_TRUTH_INFO: NODEID=E0635 MENTION=HC000T65W:(8225,0)-(8231,0) FQEC=0 INCORRECT
      (examples/M9/zerohop_response/example_qrels/M09-ZeroHop-FQEC-QREL.tab line 107)
DEBUG_INFO: GROUND_TRUTH_INFO: NODEID=E0635 MENTION=HC000T65W:(8294,0)-(8301,0) FQEC=0 INCORRECT
      (examples/M9/zerohop_response/example_qrels/M09-ZeroHop-FQEC-QREL.tab line 108)
DEBUG_INFO: GROUND_TRUTH_INFO: NODEID=E0635 MENTION=HC000T65W:(8305,0)-(8313,0) FQEC=0 INCORRECT
      (examples/M9/zerohop_response/example_qrels/M09-ZeroHop-FQEC-QREL.tab line 109)
DEBUG_INFO: GROUND_TRUTH_INFO: NODEID=E0635 MENTION=HC000T65W:(8316,0)-(8427,0) FQEC=0 INCORRECT
      (examples/M9/zerohop_response/example_qrels/M09-ZeroHop-FQEC-QREL.tab line 110)
DEBUG_INFO: GROUND_TRUTH_INFO: NODEID=E0635 MENTION=HC000T65W:(8410,0)-(8419,0) FQEC=0 INCORRECT
      (examples/M9/zerohop_response/example_qrels/M09-ZeroHop-FQEC-QREL.tab line 111)
DEBUG_INFO: GROUND_TRUTH_INFO: NODEID=E0635 MENTION=HC000T65W:(853,0)-(1022,0) FQEC=HC000T65W:10 CORRECT
      (examples/M9/zerohop_response/example_qrels/M09-ZeroHop-FQEC-QREL.tab line 51)
DEBUG_INFO: GROUND_TRUTH_INFO: NODEID=E0635 MENTION=HC000T65W:(853,0)-(865,0) FQEC=HC000T65W:10 CORRECT
      (examples/M9/zerohop_response/example_qrels/M09-ZeroHop-FQEC-QREL.tab line 50)
DEBUG_INFO: GROUND_TRUTH_INFO: NODEID=E0635 MENTION=HC000T65W:(8543,0)-(8549,0) FQEC=0 INCORRECT
      (examples/M9/zerohop_response/example_qrels/M09-ZeroHop-FQEC-QREL.tab line 112)
DEBUG_INFO: GROUND_TRUTH_INFO: NODEID=E0635 MENTION=HC000T65W:(8686,0)-(8871,0) FQEC=HC000T65W:76 CORRECT
      (examples/M9/zerohop_response/example_qrels/M09-ZeroHop-FQEC-QREL.tab line 113)
DEBUG_INFO: GROUND_TRUTH_INFO: NODEID=E0635 MENTION=HC000T65W:(8815,0)-(8821,0) FQEC=0 INCORRECT
      (examples/M9/zerohop_response/example_qrels/M09-ZeroHop-FQEC-QREL.tab line 114)
DEBUG_INFO: GROUND_TRUTH_INFO: NODEID=E0635 MENTION=HC000T65W:(8843,0)-(8847,0) FQEC=HC000T65W:76 CORRECT
      (examples/M9/zerohop_response/example_qrels/M09-ZeroHop-FQEC-QREL.tab line 115)
DEBUG_INFO: GROUND_TRUTH_INFO: NODEID=E0635 MENTION=HC000T65W:(8846,0)-(8847,0) FQEC=HC000T65W:76 CORRECT
      (examples/M9/zerohop_response/example_qrels/M09-ZeroHop-FQEC-QREL.tab line 116)
DEBUG_INFO: GROUND_TRUTH_INFO: NODEID=E0635 MENTION=HC000T65W:(8967,0)-(8975,0) FQEC=0 INCORRECT
      (examples/M9/zerohop_response/example_qrels/M09-ZeroHop-FQEC-QREL.tab line 117)
DEBUG_INFO: GROUND_TRUTH_INFO: NODEID=E0635 MENTION=HC000T65W:(9036,0)-(9048,0) FQEC=0 INCORRECT
      (examples/M9/zerohop_response/example_qrels/M09-ZeroHop-FQEC-QREL.tab line 118)
DEBUG_INFO: GROUND_TRUTH_INFO: NODEID=E0635 MENTION=HC000T65W:(938,0)-(947,0) FQEC=0 INCORRECT
      (examples/M9/zerohop_response/example_qrels/M09-ZeroHop-FQEC-QREL.tab line 52)
DEBUG_INFO: GROUND_TRUTH_INFO: NODEID=E0635 MENTION=HC000T65W:(9432,0)-(9440,0) FQEC=0 INCORRECT
      (examples/M9/zerohop_response/example_qrels/M09-ZeroHop-FQEC-QREL.tab line 119)
DEBUG_INFO: GROUND_TRUTH_INFO: NODEID=E0635 MENTION=HC000T65W:(9556,0)-(9571,0) FQEC=0 INCORRECT
      (examples/M9/zerohop_response/example_qrels/M09-ZeroHop-FQEC-QREL.tab line 120)
DEBUG_INFO: GROUND_TRUTH_INFO: NODEID=E0635 MENTION=HC000T65W:(9699,0)-(9703,0) FQEC=0 INCORRECT
      (examples/M9/zerohop_response/example_qrels/M09-ZeroHop-FQEC-QREL.tab line 121)
DEBUG_INFO: GROUND_TRUTH_INFO: NODEID=E0635 MENTION=HC000T65W:(9705,0)-(9718,0) FQEC=0 INCORRECT
      (examples/M9/zerohop_response/example_qrels/M09-ZeroHop-FQEC-QREL.tab line 122)
DEBUG_INFO: GROUND_TRUTH_INFO: NODEID=E0635 MENTION=HC000T65W:(9720,0)-(9735,0) FQEC=0 INCORRECT
      (examples/M9/zerohop_response/example_qrels/M09-ZeroHop-FQEC-QREL.tab line 123)
DEBUG_INFO: GROUND_TRUTH_INFO: NODEID=E0635 MENTION=HC000T65W:(9749,0)-(9758,0) FQEC=0 INCORRECT
      (examples/M9/zerohop_response/example_qrels/M09-ZeroHop-FQEC-QREL.tab line 124)
DEBUG_INFO: GROUND_TRUTH_INFO: NODEID=E0635 MENTION=IC001L4O4:(1140,0)-(1146,0) FQEC=0 INCORRECT
      (examples/M9/zerohop_response/example_qrels/M09-ZeroHop-FQEC-QREL.tab line 200)
DEBUG_INFO: GROUND_TRUTH_INFO: NODEID=E0635 MENTION=IC001L4O4:(118,0)-(124,0) FQEC=0 INCORRECT
      (examples/M9/zerohop_response/example_qrels/M09-ZeroHop-FQEC-QREL.tab line 190)
DEBUG_INFO: GROUND_TRUTH_INFO: NODEID=E0635 MENTION=IC001L4O4:(1306,0)-(1312,0) FQEC=0 INCORRECT
      (examples/M9/zerohop_response/example_qrels/M09-ZeroHop-FQEC-QREL.tab line 201)
DEBUG_INFO: GROUND_TRUTH_INFO: NODEID=E0635 MENTION=IC001L4O4:(1341,0)-(1345,0) FQEC=0 INCORRECT
      (examples/M9/zerohop_response/example_qrels/M09-ZeroHop-FQEC-QREL.tab line 202)
DEBUG_INFO: GROUND_TRUTH_INFO: NODEID=E0635 MENTION=IC001L4O4:(1402,0)-(1408,0) FQEC=0 INCORRECT
      (examples/M9/zerohop_response/example_qrels/M09-ZeroHop-FQEC-QREL.tab line 203)
DEBUG_INFO: GROUND_TRUTH_INFO: NODEID=E0635 MENTION=IC001L4O4:(1412,0)-(1420,0) FQEC=0 INCORRECT
      (examples/M9/zerohop_response/example_qrels/M09-ZeroHop-FQEC-QREL.tab line 204)
DEBUG_INFO: GROUND_TRUTH_INFO: NODEID=E0635 MENTION=IC001L4O4:(1534,0)-(1543,0) FQEC=0 INCORRECT
      (examples/M9/zerohop_response/example_qrels/M09-ZeroHop-FQEC-QREL.tab line 205)
DEBUG_INFO: GROUND_TRUTH_INFO: NODEID=E0635 MENTION=IC001L4O4:(1624,0)-(1627,0) FQEC=0 INCORRECT
      (examples/M9/zerohop_response/example_qrels/M09-ZeroHop-FQEC-QREL.tab line 206)
DEBUG_INFO: GROUND_TRUTH_INFO: NODEID=E0635 MENTION=IC001L4O4:(1880,0)-(1889,0) FQEC=0 INCORRECT
      (examples/M9/zerohop_response/example_qrels/M09-ZeroHop-FQEC-QREL.tab line 207)
DEBUG_INFO: GROUND_TRUTH_INFO: NODEID=E0635 MENTION=IC001L4O4:(219,0)-(225,0) FQEC=0 INCORRECT
      (examples/M9/zerohop_response/example_qrels/M09-ZeroHop-FQEC-QREL.tab line 191)
DEBUG_INFO: GROUND_TRUTH_INFO: NODEID=E0635 MENTION=IC001L4O4:(2198,0)-(2206,0) FQEC=0 INCORRECT
      (examples/M9/zerohop_response/example_qrels/M09-ZeroHop-FQEC-QREL.tab line 208)
DEBUG_INFO: GROUND_TRUTH_INFO: NODEID=E0635 MENTION=IC001L4O4:(2248,0)-(2257,0) FQEC=0 INCORRECT
      (examples/M9/zerohop_response/example_qrels/M09-ZeroHop-FQEC-QREL.tab line 209)
DEBUG_INFO: GROUND_TRUTH_INFO: NODEID=E0635 MENTION=IC001L4O4:(2358,0)-(2364,0) FQEC=0 INCORRECT
      (examples/M9/zerohop_response/example_qrels/M09-ZeroHop-FQEC-QREL.tab line 210)
DEBUG_INFO: GROUND_TRUTH_INFO: NODEID=E0635 MENTION=IC001L4O4:(242,0)-(250,0) FQEC=0 INCORRECT
      (examples/M9/zerohop_response/example_qrels/M09-ZeroHop-FQEC-QREL.tab line 192)
DEBUG_INFO: GROUND_TRUTH_INFO: NODEID=E0635 MENTION=IC001L4O4:(2552,0)-(2558,0) FQEC=0 INCORRECT
      (examples/M9/zerohop_response/example_qrels/M09-ZeroHop-FQEC-QREL.tab line 211)
DEBUG_INFO: GROUND_TRUTH_INFO: NODEID=E0635 MENTION=IC001L4O4:(2563,0)-(2571,0) FQEC=0 INCORRECT
      (examples/M9/zerohop_response/example_qrels/M09-ZeroHop-FQEC-QREL.tab line 212)
DEBUG_INFO: GROUND_TRUTH_INFO: NODEID=E0635 MENTION=IC001L4O4:(2767,0)-(2772,0) FQEC=0 INCORRECT
      (examples/M9/zerohop_response/example_qrels/M09-ZeroHop-FQEC-QREL.tab line 213)
DEBUG_INFO: GROUND_TRUTH_INFO: NODEID=E0635 MENTION=IC001L4O4:(2868,0)-(2875,0) FQEC=IC001L4O4:23 CORRECT
      (examples/M9/zerohop_response/example_qrels/M09-ZeroHop-FQEC-QREL.tab line 214)
DEBUG_INFO: GROUND_TRUTH_INFO: NODEID=E0635 MENTION=IC001L4O4:(2907,0)-(2909,0) FQEC=0 INCORRECT
      (examples/M9/zerohop_response/example_qrels/M09-ZeroHop-FQEC-QREL.tab line 215)
DEBUG_INFO: GROUND_TRUTH_INFO: NODEID=E0635 MENTION=IC001L4O4:(2940,0)-(2954,0) FQEC=IC001L4O4:24 CORRECT
      (examples/M9/zerohop_response/example_qrels/M09-ZeroHop-FQEC-QREL.tab line 216)
DEBUG_INFO: GROUND_TRUTH_INFO: NODEID=E0635 MENTION=IC001L4O4:(2948,0)-(2953,0) FQEC=IC001L4O4:24 CORRECT
      (examples/M9/zerohop_response/example_qrels/M09-ZeroHop-FQEC-QREL.tab line 217)
DEBUG_INFO: GROUND_TRUTH_INFO: NODEID=E0635 MENTION=IC001L4O4:(2985,0)-(2993,0) FQEC=0 INCORRECT
      (examples/M9/zerohop_response/example_qrels/M09-ZeroHop-FQEC-QREL.tab line 218)
DEBUG_INFO: GROUND_TRUTH_INFO: NODEID=E0635 MENTION=IC001L4O4:(3095,0)-(3104,0) FQEC=IC001L4O4:25 CORRECT
      (examples/M9/zerohop_response/example_qrels/M09-ZeroHop-FQEC-QREL.tab line 219)
DEBUG_INFO: GROUND_TRUTH_INFO: NODEID=E0635 MENTION=IC001L4O4:(3183,0)-(3192,0) FQEC=0 INCORRECT
      (examples/M9/zerohop_response/example_qrels/M09-ZeroHop-FQEC-QREL.tab line 220)
DEBUG_INFO: GROUND_TRUTH_INFO: NODEID=E0635 MENTION=IC001L4O4:(3571,0)-(3577,0) FQEC=0 INCORRECT
      (examples/M9/zerohop_response/example_qrels/M09-ZeroHop-FQEC-QREL.tab line 221)
DEBUG_INFO: GROUND_TRUTH_INFO: NODEID=E0635 MENTION=IC001L4O4:(3983,0)-(3989,0) FQEC=0 INCORRECT
      (examples/M9/zerohop_response/example_qrels/M09-ZeroHop-FQEC-QREL.tab line 222)
DEBUG_INFO: GROUND_TRUTH_INFO: NODEID=E0635 MENTION=IC001L4O4:(399,0)-(408,0) FQEC=0 INCORRECT
      (examples/M9/zerohop_response/example_qrels/M09-ZeroHop-FQEC-QREL.tab line 193)
DEBUG_INFO: GROUND_TRUTH_INFO: NODEID=E0635 MENTION=IC001L4O4:(4005,0)-(4011,0) FQEC=0 INCORRECT
      (examples/M9/zerohop_response/example_qrels/M09-ZeroHop-FQEC-QREL.tab line 223)
DEBUG_INFO: GROUND_TRUTH_INFO: NODEID=E0635 MENTION=IC001L4O4:(4028,0)-(4036,0) FQEC=0 INCORRECT
      (examples/M9/zerohop_response/example_qrels/M09-ZeroHop-FQEC-QREL.tab line 224)
DEBUG_INFO: GROUND_TRUTH_INFO: NODEID=E0635 MENTION=IC001L4O4:(4179,0)-(4189,0) FQEC=IC001L4O4:34 CORRECT
      (examples/M9/zerohop_response/example_qrels/M09-ZeroHop-FQEC-QREL.tab line 225)
DEBUG_INFO: GROUND_TRUTH_INFO: NODEID=E0635 MENTION=IC001L4O4:(4180,0)-(4189,0) FQEC=IC001L4O4:34 CORRECT
      (examples/M9/zerohop_response/example_qrels/M09-ZeroHop-FQEC-QREL.tab line 226)
DEBUG_INFO: GROUND_TRUTH_INFO: NODEID=E0635 MENTION=IC001L4O4:(4213,0)-(4219,0) FQEC=0 INCORRECT
      (examples/M9/zerohop_response/example_qrels/M09-ZeroHop-FQEC-QREL.tab line 227)
DEBUG_INFO: GROUND_TRUTH_INFO: NODEID=E0635 MENTION=IC001L4O4:(4285,0)-(4291,0) FQEC=0 INCORRECT
      (examples/M9/zerohop_response/example_qrels/M09-ZeroHop-FQEC-QREL.tab line 228)
DEBUG_INFO: GROUND_TRUTH_INFO: NODEID=E0635 MENTION=IC001L4O4:(4308,0)-(4316,0) FQEC=0 INCORRECT
      (examples/M9/zerohop_response/example_qrels/M09-ZeroHop-FQEC-QREL.tab line 229)
DEBUG_INFO: GROUND_TRUTH_INFO: NODEID=E0635 MENTION=IC001L4O4:(4459,0)-(4465,0) FQEC=0 INCORRECT
      (examples/M9/zerohop_response/example_qrels/M09-ZeroHop-FQEC-QREL.tab line 230)
DEBUG_INFO: GROUND_TRUTH_INFO: NODEID=E0635 MENTION=IC001L4O4:(542,0)-(551,0) FQEC=0 INCORRECT
      (examples/M9/zerohop_response/example_qrels/M09-ZeroHop-FQEC-QREL.tab line 194)
DEBUG_INFO: GROUND_TRUTH_INFO: NODEID=E0635 MENTION=IC001L4O4:(600,0)-(609,0) FQEC=IC001L4O4:5 CORRECT
      (examples/M9/zerohop_response/example_qrels/M09-ZeroHop-FQEC-QREL.tab line 195)
DEBUG_INFO: GROUND_TRUTH_INFO: NODEID=E0635 MENTION=IC001L4O4:(711,0)-(717,0) FQEC=0 INCORRECT
      (examples/M9/zerohop_response/example_qrels/M09-ZeroHop-FQEC-QREL.tab line 196)
DEBUG_INFO: GROUND_TRUTH_INFO: NODEID=E0635 MENTION=IC001L4O4:(731,0)-(737,0) FQEC=0 INCORRECT
      (examples/M9/zerohop_response/example_qrels/M09-ZeroHop-FQEC-QREL.tab line 197)
DEBUG_INFO: GROUND_TRUTH_INFO: NODEID=E0635 MENTION=IC001L4O4:(753,0)-(761,0) FQEC=0 INCORRECT
      (examples/M9/zerohop_response/example_qrels/M09-ZeroHop-FQEC-QREL.tab line 198)
DEBUG_INFO: GROUND_TRUTH_INFO: NODEID=E0635 MENTION=IC001L4O4:(835,0)-(838,0) FQEC=0 INCORRECT
      (examples/M9/zerohop_response/example_qrels/M09-ZeroHop-FQEC-QREL.tab line 199)
DEBUG_INFO: ASSESSMENT_INFO: NODEID=E0632 QUERYID=AIDA_ZH_2018_37 MENTION=HC000T65W:(10052,0)-(10059,0) PRE_POLICY_ASSESSMENT=NOT_IN_POOL,SUBMITTED POST_POLICY_ASSESSMENT=IGNORED FQEC=UNASSESSED
 (examples/M9/zerohop_response/AIDA_TA1_teamA_run_1/IC00162QM.zerohop_responses.xml line 11)
DEBUG_INFO: ASSESSMENT_INFO: NODEID=E0632 QUERYID=AIDA_ZH_2018_37 MENTION=HC000T65W:(5111,0)-(5116,0) PRE_POLICY_ASSESSMENT=NOT_IN_POOL,SUBMITTED POST_POLICY_ASSESSMENT=IGNORED FQEC=UNASSESSED
 (examples/M9/zerohop_response/AIDA_TA1_teamA_run_1/IC00162QM.zerohop_responses.xml line 23)
DEBUG_INFO: ASSESSMENT_INFO: NODEID=E0632 QUERYID=AIDA_ZH_2018_37 MENTION=HC000T65W:(5118,0)-(5125,0) PRE_POLICY_ASSESSMENT=NOT_IN_POOL,SUBMITTED POST_POLICY_ASSESSMENT=IGNORED FQEC=UNASSESSED
 (examples/M9/zerohop_response/AIDA_TA1_teamA_run_1/IC00162QM.zerohop_responses.xml line 17)
DEBUG_INFO: ASSESSMENT_INFO: NODEID=E0632 QUERYID=AIDA_ZH_2018_37 MENTION=HC000T65W:(6154,0)-(6161,0) PRE_POLICY_ASSESSMENT=NOT_IN_POOL,SUBMITTED POST_POLICY_ASSESSMENT=IGNORED FQEC=UNASSESSED
 (examples/M9/zerohop_response/AIDA_TA1_teamA_run_1/IC00162QM.zerohop_responses.xml line 5)
DEBUG_INFO: ASSESSMENT_INFO: NODEID=E0632 QUERYID=AIDA_ZH_2018_37 MENTION=IC001L4O4:(2830,0)-(2840,0) PRE_POLICY_ASSESSMENT=CORRECT,SUBMITTED POST_POLICY_ASSESSMENT=RIGHT FQEC=IC001L4O4:23
 (examples/M9/zerohop_response/AIDA_TA1_teamA_run_1/IC001L3GY.zerohop_responses.xml line 23)
DEBUG_INFO: ASSESSMENT_INFO: NODEID=E0632 QUERYID=AIDA_ZH_2018_37 MENTION=IC001L4O4:(2848,0)-(2857,0) PRE_POLICY_ASSESSMENT=INCORRECT,SUBMITTED POST_POLICY_ASSESSMENT=WRONG FQEC=0
 (examples/M9/zerohop_response/AIDA_TA1_teamA_run_1/IC001L3GY.zerohop_responses.xml line 17)
DEBUG_INFO: ASSESSMENT_INFO: NODEID=E0632 QUERYID=AIDA_ZH_2018_37 MENTION=IC001L4O4:(378,0)-(386,0) PRE_POLICY_ASSESSMENT=CORRECT,SUBMITTED POST_POLICY_ASSESSMENT=RIGHT FQEC=IC001L4O4:4
 (examples/M9/zerohop_response/AIDA_TA1_teamA_run_1/IC001L3GY.zerohop_responses.xml line 11)
DEBUG_INFO: ASSESSMENT_INFO: NODEID=E0632 QUERYID=AIDA_ZH_2018_37 MENTION=IC001L4O4:(988,0)-(996,0) PRE_POLICY_ASSESSMENT=CORRECT,SUBMITTED POST_POLICY_ASSESSMENT=RIGHT FQEC=IC001L4O4:8
 (examples/M9/zerohop_response/AIDA_TA1_teamA_run_1/IC001L3GY.zerohop_responses.xml line 5)
DEBUG_INFO: ASSESSMENT_INFO: NODEID=E0635 QUERYID=AIDA_ZH_2018_81 MENTION=HC000T65W:(1143,0)-(1148,0) PRE_POLICY_ASSESSMENT=CORRECT,SUBMITTED POST_POLICY_ASSESSMENT=RIGHT FQEC=HC000T65W:11
 (examples/M9/zerohop_response/AIDA_TA1_teamA_run_1/IC00162QM.zerohop_responses.xml line 32)
DEBUG_INFO: ASSESSMENT_INFO: NODEID=E0635 QUERYID=AIDA_ZH_2018_81 MENTION=HC000T65W:(11874,0)-(11879,0) PRE_POLICY_ASSESSMENT=CORRECT,SUBMITTED POST_POLICY_ASSESSMENT=RIGHT FQEC=HC000T65W:108
 (examples/M9/zerohop_response/AIDA_TA1_teamA_run_1/IC00162QM.zerohop_responses.xml line 50)
DEBUG_INFO: ASSESSMENT_INFO: NODEID=E0635 QUERYID=AIDA_ZH_2018_81 MENTION=HC000T65W:(2549,0)-(2554,0) PRE_POLICY_ASSESSMENT=CORRECT,SUBMITTED POST_POLICY_ASSESSMENT=RIGHT FQEC=HC000T65W:26
 (examples/M9/zerohop_response/AIDA_TA1_teamA_run_1/IC00162QM.zerohop_responses.xml line 38)
DEBUG_INFO: ASSESSMENT_INFO: NODEID=E0635 QUERYID=AIDA_ZH_2018_81 MENTION=HC000T65W:(2559,0)-(2568,0) PRE_POLICY_ASSESSMENT=INCORRECT,SUBMITTED POST_POLICY_ASSESSMENT=WRONG FQEC=0
 (examples/M9/zerohop_response/AIDA_TA1_teamA_run_1/IC00162QM.zerohop_responses.xml line 56)
DEBUG_INFO: ASSESSMENT_INFO: NODEID=E0635 QUERYID=AIDA_ZH_2018_81 MENTION=HC000T65W:(519,0)-(524,0) PRE_POLICY_ASSESSMENT=CORRECT,REDUNDANT,SUBMITTED POST_POLICY_ASSESSMENT=IGNORED FQEC=HC000T65W:8
 (examples/M9/zerohop_response/AIDA_TA1_teamA_run_1/IC00162QM.zerohop_responses.xml line 62)
DEBUG_INFO: ASSESSMENT_INFO: NODEID=E0635 QUERYID=AIDA_ZH_2018_81 MENTION=HC000T65W:(751,0)-(756,0) PRE_POLICY_ASSESSMENT=CORRECT,SUBMITTED POST_POLICY_ASSESSMENT=RIGHT FQEC=HC000T65W:8
 (examples/M9/zerohop_response/AIDA_TA1_teamA_run_1/IC00162QM.zerohop_responses.xml line 44)
DEBUG_INFO: ASSESSMENT_INFO: NODEID=E0635 QUERYID=AIDA_ZH_2018_81 MENTION=IC001L4O4:(1819,0)-(1829,0) PRE_POLICY_ASSESSMENT=NOT_IN_POOL,SUBMITTED POST_POLICY_ASSESSMENT=IGNORED FQEC=UNASSESSED
 (examples/M9/zerohop_response/AIDA_TA1_teamA_run_1/IC001L3GY.zerohop_responses.xml line 62)
DEBUG_INFO: ASSESSMENT_INFO: NODEID=E0635 QUERYID=AIDA_ZH_2018_81 MENTION=IC001L4O4:(228,0)-(238,0) PRE_POLICY_ASSESSMENT=NOT_IN_POOL,SUBMITTED POST_POLICY_ASSESSMENT=IGNORED FQEC=UNASSESSED
 (examples/M9/zerohop_response/AIDA_TA1_teamA_run_1/IC001L3GY.zerohop_responses.xml line 50)
DEBUG_INFO: ASSESSMENT_INFO: NODEID=E0635 QUERYID=AIDA_ZH_2018_81 MENTION=IC001L4O4:(3115,0)-(3125,0) PRE_POLICY_ASSESSMENT=NOT_IN_POOL,SUBMITTED POST_POLICY_ASSESSMENT=IGNORED FQEC=UNASSESSED
 (examples/M9/zerohop_response/AIDA_TA1_teamA_run_1/IC001L3GY.zerohop_responses.xml line 74)
DEBUG_INFO: ASSESSMENT_INFO: NODEID=E0635 QUERYID=AIDA_ZH_2018_81 MENTION=IC001L4O4:(4014,0)-(4024,0) PRE_POLICY_ASSESSMENT=NOT_IN_POOL,SUBMITTED POST_POLICY_ASSESSMENT=IGNORED FQEC=UNASSESSED
 (examples/M9/zerohop_response/AIDA_TA1_teamA_run_1/IC001L3GY.zerohop_responses.xml line 56)
DEBUG_INFO: ASSESSMENT_INFO: NODEID=E0635 QUERYID=AIDA_ZH_2018_81 MENTION=IC001L4O4:(4294,0)-(4304,0) PRE_POLICY_ASSESSMENT=NOT_IN_POOL,SUBMITTED POST_POLICY_ASSESSMENT=IGNORED FQEC=UNASSESSED
 (examples/M9/zerohop_response/AIDA_TA1_teamA_run_1/IC001L3GY.zerohop_responses.xml line 32)
DEBUG_INFO: ASSESSMENT_INFO: NODEID=E0635 QUERYID=AIDA_ZH_2018_81 MENTION=IC001L4O4:(441,0)-(451,0) PRE_POLICY_ASSESSMENT=NOT_IN_POOL,SUBMITTED POST_POLICY_ASSESSMENT=IGNORED FQEC=UNASSESSED
 (examples/M9/zerohop_response/AIDA_TA1_teamA_run_1/IC001L3GY.zerohop_responses.xml line 44)
DEBUG_INFO: ASSESSMENT_INFO: NODEID=E0635 QUERYID=AIDA_ZH_2018_81 MENTION=IC001L4O4:(740,0)-(750,0) PRE_POLICY_ASSESSMENT=NOT_IN_POOL,SUBMITTED POST_POLICY_ASSESSMENT=IGNORED FQEC=UNASSESSED
 (examples/M9/zerohop_response/AIDA_TA1_teamA_run_1/IC001L3GY.zerohop_responses.xml line 68)
DEBUG_INFO: ASSESSMENT_INFO: NODEID=E0635 QUERYID=AIDA_ZH_2018_81 MENTION=IC001L4O4:(822,0)-(832,0) PRE_POLICY_ASSESSMENT=NOT_IN_POOL,SUBMITTED POST_POLICY_ASSESSMENT=IGNORED FQEC=UNASSESSED
 (examples/M9/zerohop_response/AIDA_TA1_teamA_run_1/IC001L3GY.zerohop_responses.xml line 38)
No warnings encountered.
